<?xml version="1.0" encoding="UTF-8"?>
<testng-results ignored="0" total="2" passed="2" failed="0" skipped="0">
  <reporter-output>
  </reporter-output>
  <suite started-at="2024-10-06T11:56:38 IST" name="Default suite" finished-at="2024-10-06T11:57:06 IST" duration-ms="27275">
    <groups>
      <group name="cucumber">
        <method signature="AbstractTestNGCucumberTests.runScenario(io.cucumber.testng.PickleWrapper,io.cucumber.testng.FeatureWrapper)[pri:0, instance:TestRunner.GreenKartHomeRunner@1e66f1f5]" name="runScenario" class="io.cucumber.testng.AbstractTestNGCucumberTests"/>
      </group> <!-- cucumber -->
    </groups>
    <test started-at="2024-10-06T11:56:38 IST" name="Default test" finished-at="2024-10-06T11:57:06 IST" duration-ms="27275">
      <class name="TestRunner.GreenKartHomeRunner">
        <test-method is-config="true" signature="setUpClass(org.testng.ITestContext)[pri:0, instance:TestRunner.GreenKartHomeRunner@1e66f1f5]" started-at="2024-10-06T11:56:38 IST" name="setUpClass" finished-at="2024-10-06T11:56:39 IST" duration-ms="355" status="PASS">
          <params>
            <param index="0">
              <value>
                <![CDATA[org.testng.TestRunner@b0f2d91]]>
              </value>
            </param>
          </params>
          <reporter-output>
          </reporter-output>
        </test-method> <!-- setUpClass -->
        <test-method signature="runScenario(io.cucumber.testng.PickleWrapper,io.cucumber.testng.FeatureWrapper)[pri:0, instance:TestRunner.GreenKartHomeRunner@1e66f1f5]" started-at="2024-10-06T11:56:39 IST" name="runScenario" description="Runs Cucumber Scenarios" data-provider="scenarios" finished-at="2024-10-06T11:56:52 IST" duration-ms="13437" status="PASS">
          <params>
            <param index="0">
              <value>
                <![CDATA["User view the greenkart page and place the searched order"]]>
              </value>
            </param>
            <param index="1">
              <value>
                <![CDATA["Search and place the order"]]>
              </value>
            </param>
          </params>
          <reporter-output>
          </reporter-output>
        </test-method> <!-- runScenario -->
        <test-method signature="runScenario(io.cucumber.testng.PickleWrapper,io.cucumber.testng.FeatureWrapper)[pri:0, instance:TestRunner.GreenKartHomeRunner@1e66f1f5]" started-at="2024-10-06T11:56:52 IST" name="runScenario" description="Runs Cucumber Scenarios" data-provider="scenarios" finished-at="2024-10-06T11:57:05 IST" duration-ms="12795" status="PASS">
          <params>
            <param index="0">
              <value>
                <![CDATA["User view the greenkart page and place the searched order"]]>
              </value>
            </param>
            <param index="1">
              <value>
                <![CDATA["Search and place the order"]]>
              </value>
            </param>
          </params>
          <reporter-output>
          </reporter-output>
        </test-method> <!-- runScenario -->
        <test-method is-config="true" signature="tearDownClass()[pri:0, instance:TestRunner.GreenKartHomeRunner@1e66f1f5]" started-at="2024-10-06T11:57:05 IST" name="tearDownClass" finished-at="2024-10-06T11:57:06 IST" duration-ms="661" status="PASS">
          <reporter-output>
          </reporter-output>
        </test-method> <!-- tearDownClass -->
      </class> <!-- TestRunner.GreenKartHomeRunner -->
    </test> <!-- Default test -->
  </suite> <!-- Default suite -->
</testng-results>
